[debug] [2021-02-23T03:55:39.245Z] ----------------------------------------------------------------------
[debug] [2021-02-23T03:55:39.247Z] Command:       C:\Program Files\nodejs\node.exe C:\Users\admin\AppData\Roaming\npm\node_modules\firebase-tools\lib\bin\firebase.js init
[debug] [2021-02-23T03:55:39.248Z] CLI Version:   9.4.0
[debug] [2021-02-23T03:55:39.248Z] Platform:      win32
[debug] [2021-02-23T03:55:39.248Z] Node Version:  v14.15.1
[debug] [2021-02-23T03:55:39.249Z] Time:          Tue Feb 23 2021 10:55:39 GMT+0700 (Indochina Time)
[debug] [2021-02-23T03:55:39.249Z] ----------------------------------------------------------------------
[debug] [2021-02-23T03:55:39.249Z] 
[debug] [2021-02-23T03:55:39.254Z] > command requires scopes: ["email","openid","https://www.googleapis.com/auth/cloudplatformprojects.readonly","https://www.googleapis.com/auth/firebase","https://www.googleapis.com/auth/cloud-platform"]
[debug] [2021-02-23T03:55:39.255Z] > authorizing via signed-in user
[info] 
     ######## #### ########  ######## ########     ###     ######  ########
     ##        ##  ##     ## ##       ##     ##  ##   ##  ##       ##
     ######    ##  ########  ######   ########  #########  ######  ######
     ##        ##  ##    ##  ##       ##     ## ##     ##       ## ##
     ##       #### ##     ## ######## ########  ##     ##  ######  ########

You're about to initialize a Firebase project in this directory:

  C:\Users\admin\Desktop\test_project\live-chat

Before we get started, keep in mind:

  * You are initializing in an existing Firebase project directory

